Treatment: ('random', 4230)
[(2, 3), (2, 1), (3, 4), (4, 4), (1, 1), (3, 3), (3, 1), (2, 5), (2, 2), (0, 3), (1, 4), (1, 1), (4, 2), (0, 4), (1, 1), (3, 2), (3, 4), (1, 3), (4, 1), (1, 2), (0, 1), (0, 2), (1, 4), (2, 1), (4, 2), (0, 2), (4, 5), (1, 3), (2, 3), (2, 1), (4, 4), (2, 2), (4, 1), (1, 5), (3, 1), (0, 5), (4, 3), (3, 5), (4, 3), (3, 1)]
MOVE: 0 2 3 None None None
random plays green 1 successfully! Board is now green 1, yellow 0, white 0, blue 0, red 0
random now has green 4, blue 2, white 4, green 3, white 3
MOVE: 1 0 None 0 0 None
You hints random about all their green cards hints remaining: 7
random has green 4, blue 2, white 4, green 3, white 3
MOVE: 0 2 0 None None None
random plays green 4 and fails. Board was green 1, yellow 0, white 0, blue 0, red 0
random now has blue 2, white 4, green 3, white 3, white 1
MOVE: 1 3 0 1 None None
You discards blue 3
trash is now green 4, blue 3
You now has white 4, yellow 2, green 1, red 1, blue 4
MOVE: 0 0 None 1 3 None
random hints You about all their blue cards hints remaining: 7
You has white 4, yellow 2, green 1, red 1, blue 4
MOVE: 1 1 None 0 None 1
You hints random about all their 1 hints remaining: 6
random has blue 2, white 4, green 3, white 3, white 1
MOVE: 0 2 2 None None None
random plays green 3 and fails. Board was green 1, yellow 0, white 0, blue 0, red 0
random now has blue 2, white 4, white 3, white 1, red 4
MOVE: 1 3 3 1 None None
You discards red 1
trash is now green 4, blue 3, green 3, red 1
You now has white 4, yellow 2, green 1, blue 4, yellow 1
MOVE: 0 2 3 None None None
random plays white 1 successfully! Board is now green 1, yellow 0, white 1, blue 0, red 0
random now has blue 2, white 4, white 3, red 4, blue 3
MOVE: 1 3 4 1 None None
You discards yellow 1
trash is now green 4, blue 3, green 3, red 1, yellow 1
You now has white 4, yellow 2, green 1, blue 4, blue 1
MOVE: 0 3 3 None None None
random discards red 4
trash is now green 4, blue 3, green 3, red 1, yellow 1, red 4
random now has blue 2, white 4, white 3, blue 3, white 5
MOVE: 1 1 None 0 None 5
You hints random about all their 5 hints remaining: 7
random has blue 2, white 4, white 3, blue 3, white 5
MOVE: 0 0 None 1 0 None
random hints You about all their green cards hints remaining: 6
You has white 4, yellow 2, green 1, blue 4, blue 1
MOVE: 1 1 None 0 None 3
You hints random about all their 3 hints remaining: 5
random has blue 2, white 4, white 3, blue 3, white 5
MOVE: 0 3 0 None None None
random discards blue 2
trash is now green 4, blue 3, green 3, red 1, yellow 1, red 4, blue 2
random now has white 4, white 3, blue 3, white 5, white 2
MOVE: 1 0 None 0 2 None
You hints random about all their white cards hints remaining: 5
random has white 4, white 3, blue 3, white 5, white 2
MOVE: 0 2 3 None None None
random plays white 5 and fails. Board was green 1, yellow 0, white 1, blue 0, red 0
random now has white 4, white 3, blue 3, white 2, green 3
Score 2
